PLINK v1.90b5.3 64-bit (21 Feb 2018)
Options in effect:
  --bfile mod_xor.6/22_1_ASW.tsv
  --out mod_xor.6/22_1_ASW.tsv
  --recode transpose

Hostname: bber0501u25a.bb2.cluster
Working directory: /castles/nr/projects/2017/gkoutosg-variant-prediction/UKBiobankPlink/ImputedData/Epistasis_Simulation/paper_data/epigen
Start time: Thu Oct 22 23:58:15 2020

Random number seed: 1603407495
515118 MB RAM detected; reserving 257559 MB for main workspace.
250 variants loaded from .bim file.
2000 people (2000 males, 0 females) loaded from .fam.
2000 phenotype values loaded from .fam.
Using 1 thread (no multithreaded calculations invoked).
Before main variant filters, 2000 founders and 0 nonfounders present.
Calculating allele frequencies... done.
250 variants and 2000 people pass filters and QC.
Among remaining phenotypes, 1012 are cases and 988 are controls.
--recode transpose to mod_xor.6/22_1_ASW.tsv.tped + mod_xor.6/22_1_ASW.tsv.tfam
... done.

End time: Thu Oct 22 23:58:15 2020
